<?xml version="1.0" encoding="utf-8"?>
<project xmlns="http://maven.apache.org/POM/4.0.0"
         xmlns:xsi="http://www.w3.org/2001/XMLSchema-instance"
         xsi:schemaLocation="http://maven.apache.org/POM/4.0.0 http://maven.apache.org/maven-v4_0_0.xsd">

	<modelVersion>4.0.0</modelVersion>
	<groupId>fsearch-dependency-fetch-mock</groupId>
	<artifactId>fsearch-dependency-fetch-mock</artifactId>
	<packaging>jar</packaging>
	<version>1.0-SNAPSHOT</version>
	<dependencies>

		<dependency>
			<groupId>$groupId</groupId>
			<artifactId>$artifactId</artifactId>
			<version>$version</version>
		</dependency>

	</dependencies>
</project>

